<?xml version="1.0" encoding="UTF-8"?>
<!-- Generated by org.testng.reporters.JUnitReportReporter -->
<testsuite skipped="0" hostname="L-J1Z6152" name="testcases.JavaSE_Test" tests="1" failures="0" timestamp="2020-08-10T12:52:30 GMT+05:30" time="13.812" errors="0">
  <testcase name="Login" time="13.812" classname="testcases.JavaSE_Test"/>
</testsuite> <!-- testcases.JavaSE_Test -->
