<?xml version="1.0" encoding="UTF-8"?>
<!-- Generated by org.testng.reporters.JUnitReportReporter -->
<testsuite skipped="0" hostname="L-J1Z6152" name="testcases.NewTest" tests="1" failures="0" timestamp="2020-08-10T10:25:39 GMT+05:30" time="6.222" errors="0">
  <testcase name="f" time="6.222" classname="testcases.NewTest"/>
</testsuite> <!-- testcases.NewTest -->
